<?xml version="1.0" encoding="UTF-8"?>
<!-- Generated by org.testng.reporters.JUnitXMLReporter -->
<testsuite ignored="0" hostname="SuryaKavya" failures="0" tests="0" name="firefox_test" time="0.035" errors="0" timestamp="2025-02-23T11:53:26 IST">
  <testcase classname="io.cucumber.testng.AbstractTestNGCucumberTests" name="@BeforeClass setUpClass" time="0.022">
    <failure type="io.cucumber.core.gherkin.FeatureParserException" message="Failed to parse resource at: file:///C:/Users/kavya/Downloads/Selenium_JAVA_Generic_Framework%20(1)/src/test/java/ui/creative/features/FrameWork_Overview.feature
(2:1): expected: #EOF, #Language, #TagLine, #FeatureLine, #Comment, #Empty, got &amp;apos;-Hybrid Java Selenium Framework&amp;apos;
(5:1): expected: #EOF, #Language, #TagLine, #FeatureLine, #Comment, #Empty, got &amp;apos;-Java&amp;apos;
(6:1): expected: #EOF, #Language, #TagLine, #FeatureLine, #Comment, #Empty, got &amp;apos;-Maven&amp;apos;
(7:1): expected: #EOF, #Language, #TagLine, #FeatureLine, #Comment, #Empty, got &amp;apos;-Selenium WebDriver&amp;apos;
(8:1): expected: #EOF, #Language, #TagLine, #FeatureLine, #Comment, #Empty, got &amp;apos;-Cucumber BDD&amp;apos;
(9:1): expected: #EOF, #Language, #TagLine, #FeatureLine, #Comment, #Empty, got &amp;apos;-TestNG&amp;apos;
(12:1): expected: #EOF, #Language, #TagLine, #FeatureLine, #Comment, #Empty, got &amp;apos;-Cross-Browser Testing&amp;apos;
(13:1): expected: #EOF, #Language, #TagLine, #FeatureLine, #Comment, #Empty, got &amp;apos;-Parallel Execution&amp;apos;
(14:1): expected: #EOF, #Language, #TagLine, #FeatureLine, #Comment, #Empty, got &amp;apos;-Headless Mode Support&amp;apos;
(15:1): expected: #EOF, #Language, #TagLine, #FeatureLine, #Comment, #Empty, got &amp;apos;-Data-Driven Testing&amp;apos;
(16:1): expected: #EOF, #Language, #TagLine, #FeatureLine, #Comment, #Empty, got &amp;apos;-Reusable Selenium Actions&amp;apos;">
      <![CDATA[io.cucumber.core.gherkin.FeatureParserException: Failed to parse resource at: file:///C:/Users/kavya/Downloads/Selenium_JAVA_Generic_Framework%20(1)/src/test/java/ui/creative/features/FrameWork_Overview.feature
(2:1): expected: #EOF, #Language, #TagLine, #FeatureLine, #Comment, #Empty, got '-Hybrid Java Selenium Framework'
(5:1): expected: #EOF, #Language, #TagLine, #FeatureLine, #Comment, #Empty, got '-Java'
(6:1): expected: #EOF, #Language, #TagLine, #FeatureLine, #Comment, #Empty, got '-Maven'
(7:1): expected: #EOF, #Language, #TagLine, #FeatureLine, #Comment, #Empty, got '-Selenium WebDriver'
(8:1): expected: #EOF, #Language, #TagLine, #FeatureLine, #Comment, #Empty, got '-Cucumber BDD'
(9:1): expected: #EOF, #Language, #TagLine, #FeatureLine, #Comment, #Empty, got '-TestNG'
(12:1): expected: #EOF, #Language, #TagLine, #FeatureLine, #Comment, #Empty, got '-Cross-Browser Testing'
(13:1): expected: #EOF, #Language, #TagLine, #FeatureLine, #Comment, #Empty, got '-Parallel Execution'
(14:1): expected: #EOF, #Language, #TagLine, #FeatureLine, #Comment, #Empty, got '-Headless Mode Support'
(15:1): expected: #EOF, #Language, #TagLine, #FeatureLine, #Comment, #Empty, got '-Data-Driven Testing'
(16:1): expected: #EOF, #Language, #TagLine, #FeatureLine, #Comment, #Empty, got '-Reusable Selenium Actions'
at io.cucumber.core.gherkin.messages.GherkinMessagesFeatureParser.parse(GherkinMessagesFeatureParser.java:43)
at io.cucumber.core.feature.FeatureParser.parseResource(FeatureParser.java:45)
at java.base/java.util.function.BiFunction.lambda$andThen$0(BiFunction.java:70)
at io.cucumber.core.resource.ResourceScanner.lambda$processResource$1(ResourceScanner.java:79)
at io.cucumber.core.resource.PathScanner$ResourceFileVisitor.visitFile(PathScanner.java:75)
at io.cucumber.core.resource.PathScanner$ResourceFileVisitor.visitFile(PathScanner.java:60)
at java.base/java.nio.file.Files.walkFileTree(Files.java:2791)
at io.cucumber.core.resource.PathScanner.findResourcesForPath(PathScanner.java:53)
at io.cucumber.core.resource.PathScanner.findResourcesForUri(PathScanner.java:31)
at io.cucumber.core.resource.ResourceScanner.findResourcesForUri(ResourceScanner.java:61)
at io.cucumber.core.resource.ResourceScanner.scanForResourcesUri(ResourceScanner.java:134)
at io.cucumber.core.runtime.FeaturePathFeatureSupplier.loadFeatures(FeaturePathFeatureSupplier.java:62)
at io.cucumber.core.runtime.FeaturePathFeatureSupplier.get(FeaturePathFeatureSupplier.java:45)
at io.cucumber.testng.TestNGCucumberRunner.<init>(TestNGCucumberRunner.java:122)
at io.cucumber.testng.AbstractTestNGCucumberTests.setUpClass(AbstractTestNGCucumberTests.java:27)
at java.base/java.util.concurrent.ThreadPoolExecutor.runWorker(ThreadPoolExecutor.java:1144)
at java.base/java.util.concurrent.ThreadPoolExecutor$Worker.run(ThreadPoolExecutor.java:642)
at java.base/java.lang.Thread.run(Thread.java:1570)
... Removed 8 stack frames]]>
    </failure>
  </testcase> <!-- @BeforeClass setUpClass -->
  <testcase classname="io.cucumber.testng.AbstractTestNGCucumberTests" name="@BeforeClass setUpClass" time="0.025">
    <failure type="io.cucumber.core.gherkin.FeatureParserException" message="Failed to parse resource at: file:///C:/Users/kavya/Downloads/Selenium_JAVA_Generic_Framework%20(1)/src/test/java/ui/creative/features/FrameWork_Overview.feature
(2:1): expected: #EOF, #Language, #TagLine, #FeatureLine, #Comment, #Empty, got &amp;apos;-Hybrid Java Selenium Framework&amp;apos;
(5:1): expected: #EOF, #Language, #TagLine, #FeatureLine, #Comment, #Empty, got &amp;apos;-Java&amp;apos;
(6:1): expected: #EOF, #Language, #TagLine, #FeatureLine, #Comment, #Empty, got &amp;apos;-Maven&amp;apos;
(7:1): expected: #EOF, #Language, #TagLine, #FeatureLine, #Comment, #Empty, got &amp;apos;-Selenium WebDriver&amp;apos;
(8:1): expected: #EOF, #Language, #TagLine, #FeatureLine, #Comment, #Empty, got &amp;apos;-Cucumber BDD&amp;apos;
(9:1): expected: #EOF, #Language, #TagLine, #FeatureLine, #Comment, #Empty, got &amp;apos;-TestNG&amp;apos;
(12:1): expected: #EOF, #Language, #TagLine, #FeatureLine, #Comment, #Empty, got &amp;apos;-Cross-Browser Testing&amp;apos;
(13:1): expected: #EOF, #Language, #TagLine, #FeatureLine, #Comment, #Empty, got &amp;apos;-Parallel Execution&amp;apos;
(14:1): expected: #EOF, #Language, #TagLine, #FeatureLine, #Comment, #Empty, got &amp;apos;-Headless Mode Support&amp;apos;
(15:1): expected: #EOF, #Language, #TagLine, #FeatureLine, #Comment, #Empty, got &amp;apos;-Data-Driven Testing&amp;apos;
(16:1): expected: #EOF, #Language, #TagLine, #FeatureLine, #Comment, #Empty, got &amp;apos;-Reusable Selenium Actions&amp;apos;">
      <![CDATA[io.cucumber.core.gherkin.FeatureParserException: Failed to parse resource at: file:///C:/Users/kavya/Downloads/Selenium_JAVA_Generic_Framework%20(1)/src/test/java/ui/creative/features/FrameWork_Overview.feature
(2:1): expected: #EOF, #Language, #TagLine, #FeatureLine, #Comment, #Empty, got '-Hybrid Java Selenium Framework'
(5:1): expected: #EOF, #Language, #TagLine, #FeatureLine, #Comment, #Empty, got '-Java'
(6:1): expected: #EOF, #Language, #TagLine, #FeatureLine, #Comment, #Empty, got '-Maven'
(7:1): expected: #EOF, #Language, #TagLine, #FeatureLine, #Comment, #Empty, got '-Selenium WebDriver'
(8:1): expected: #EOF, #Language, #TagLine, #FeatureLine, #Comment, #Empty, got '-Cucumber BDD'
(9:1): expected: #EOF, #Language, #TagLine, #FeatureLine, #Comment, #Empty, got '-TestNG'
(12:1): expected: #EOF, #Language, #TagLine, #FeatureLine, #Comment, #Empty, got '-Cross-Browser Testing'
(13:1): expected: #EOF, #Language, #TagLine, #FeatureLine, #Comment, #Empty, got '-Parallel Execution'
(14:1): expected: #EOF, #Language, #TagLine, #FeatureLine, #Comment, #Empty, got '-Headless Mode Support'
(15:1): expected: #EOF, #Language, #TagLine, #FeatureLine, #Comment, #Empty, got '-Data-Driven Testing'
(16:1): expected: #EOF, #Language, #TagLine, #FeatureLine, #Comment, #Empty, got '-Reusable Selenium Actions'
at io.cucumber.core.gherkin.messages.GherkinMessagesFeatureParser.parse(GherkinMessagesFeatureParser.java:43)
at io.cucumber.core.feature.FeatureParser.parseResource(FeatureParser.java:45)
at java.base/java.util.function.BiFunction.lambda$andThen$0(BiFunction.java:70)
at io.cucumber.core.resource.ResourceScanner.lambda$processResource$1(ResourceScanner.java:79)
at io.cucumber.core.resource.PathScanner$ResourceFileVisitor.visitFile(PathScanner.java:75)
at io.cucumber.core.resource.PathScanner$ResourceFileVisitor.visitFile(PathScanner.java:60)
at java.base/java.nio.file.Files.walkFileTree(Files.java:2791)
at io.cucumber.core.resource.PathScanner.findResourcesForPath(PathScanner.java:53)
at io.cucumber.core.resource.PathScanner.findResourcesForUri(PathScanner.java:31)
at io.cucumber.core.resource.ResourceScanner.findResourcesForUri(ResourceScanner.java:61)
at io.cucumber.core.resource.ResourceScanner.scanForResourcesUri(ResourceScanner.java:134)
at io.cucumber.core.runtime.FeaturePathFeatureSupplier.loadFeatures(FeaturePathFeatureSupplier.java:62)
at io.cucumber.core.runtime.FeaturePathFeatureSupplier.get(FeaturePathFeatureSupplier.java:45)
at io.cucumber.testng.TestNGCucumberRunner.<init>(TestNGCucumberRunner.java:122)
at io.cucumber.testng.AbstractTestNGCucumberTests.setUpClass(AbstractTestNGCucumberTests.java:27)
at java.base/java.util.concurrent.ThreadPoolExecutor.runWorker(ThreadPoolExecutor.java:1144)
at java.base/java.util.concurrent.ThreadPoolExecutor$Worker.run(ThreadPoolExecutor.java:642)
at java.base/java.lang.Thread.run(Thread.java:1570)
... Removed 8 stack frames]]>
    </failure>
  </testcase> <!-- @BeforeClass setUpClass -->
  <testcase classname="ui.creative.dynamictestrunners.Cross_Browser_Parallel_Property_Runner_01_2" name="@BeforeClass beforeClass" time="-1.740291806621E9">
    <skipped/>
  </testcase> <!-- @BeforeClass beforeClass -->
  <testcase classname="ui.creative.dynamictestrunners.Cross_Browser_Parallel_Property_Runner_01_1" name="@BeforeClass beforeClass" time="-1.740291806623E9">
    <skipped/>
  </testcase> <!-- @BeforeClass beforeClass -->
  <testcase classname="ui.creative.dynamictestrunners.Cross_Browser_Parallel_Property_Runner_01_2" name="@AfterClass afterClass" time="-1.740291806624E9">
    <skipped/>
  </testcase> <!-- @AfterClass afterClass -->
  <testcase classname="ui.creative.dynamictestrunners.Cross_Browser_Parallel_Property_Runner_01_1" name="@AfterClass afterClass" time="-1.740291806624E9">
    <skipped/>
  </testcase> <!-- @AfterClass afterClass -->
</testsuite> <!-- firefox_test -->
